2016-11-17 13:49:21 INFO  MyTopicPublisher:11 - Satya
2016-11-17 14:00:08 INFO  MyTopicPublisher:12 - Hi
2016-11-17 14:02:14 INFO  MyTopicPublisher:11 - Hi
2016-11-17 14:04:57 INFO  MyTopicPublisher:18 - Hi
2016-11-17 14:04:57 INFO  MyTopicPublisher:26 - connection established
2016-11-17 14:06:56 INFO  MyTopicPublisher:18 - Hi
2016-11-17 14:06:57 INFO  MyTopicPublisher:26 - connection established
2016-11-17 14:08:05 INFO  MyTopicPublisher:17 - Hi
2016-11-17 14:08:11 WARN  FailoverTransport:1100 - Failed to connect to [tcp://localhost:61616] after: 10 attempt(s) continuing to retry.
2016-11-17 14:12:17 WARN  FailoverTransport:1100 - Failed to connect to [tcp://localhost:61616] after: 20 attempt(s) continuing to retry.
2016-11-17 14:17:17 WARN  FailoverTransport:1100 - Failed to connect to [tcp://localhost:61616] after: 30 attempt(s) continuing to retry.
2016-11-17 14:22:17 WARN  FailoverTransport:1100 - Failed to connect to [tcp://localhost:61616] after: 40 attempt(s) continuing to retry.
2016-11-17 14:27:17 WARN  FailoverTransport:1100 - Failed to connect to [tcp://localhost:61616] after: 50 attempt(s) continuing to retry.
2016-11-17 14:59:08 INFO  MyTopicPublisher:99 - invalid option
2016-11-17 14:59:36 INFO  MyTopicPublisher:81 - Thanks for connecting to my messaging system.. GoodBye!!!
2016-11-17 15:02:02 WARN  FailoverTransport:1100 - Failed to connect to [tcp://localhost:61616] after: 10 attempt(s) continuing to retry.
2016-11-17 15:02:38 INFO  FailoverTransport:1052 - Successfully connected to tcp://localhost:61616
2016-11-17 15:02:49 INFO  MyTopicPublisher:37 - Connection to Indian is established, You can post messages related to this news
2016-11-17 15:03:32 WARN  MyTopicPublisher:122 - Invalid message id entered and hence assigning it a default value
2016-11-17 15:03:32 INFO  MyTopicPublisher:60 - MyMessage [id=-2147483648, text=1] is  posted in the topic and interested subscribers will be able to view
2016-11-17 15:04:44 INFO  MyTopicPublisher:60 - MyMessage [id=2, text=Indian] is  posted in the topic and interested subscribers will be able to view
2016-11-17 15:05:22 WARN  MyTopicPublisher:122 - Invalid message id entered and hence assigning it a default value
2016-11-17 15:05:45 INFO  MyTopicPublisher:60 - MyMessage [id=-2147483648, text= X11 is announced] is  posted in the topic and interested subscribers will be able to view
2016-11-17 15:06:32 INFO  FailoverTransport:1052 - Successfully connected to tcp://localhost:61616
2016-11-17 15:06:54 INFO  FailoverTransport:1052 - Successfully connected to tcp://localhost:61616
2016-11-17 15:10:20 INFO  FailoverTransport:1052 - Successfully connected to tcp://localhost:61616
2016-11-17 15:10:22 INFO  MyTopicPublisher:37 - Connection to indian cricket is established, You can post messages related to this news
2016-11-17 15:11:17 INFO  MyTopicPublisher:59 - MyMessage [id=1, text=Indian] is  posted in the topic and interested subscribers will be able to view
2016-11-17 15:14:25 INFO  FailoverTransport:1052 - Successfully connected to tcp://localhost:61616
2016-11-17 15:14:25 INFO  MyTopicPublisher:37 - Connection to Indian cricket is established, You can post messages related to this news
2016-11-17 15:14:39 INFO  MyTopicPublisher:59 - MyMessage [id=1, text=Gambir is in starting X11] is  posted in the topic and interested subscribers will be able to view
2016-11-17 15:19:05 INFO  FailoverTransport:1052 - Successfully connected to tcp://localhost:61616
2016-11-17 15:19:07 INFO  MyTopicPublisher:37 - Connection to Indian FootBall is established, You can post messages related to this news
2016-11-17 15:20:37 INFO  MyTopicPublisher:59 - MyMessage [id=200, text=Ronaldo is part of portugal, breaking news] is  posted in the topic and interested subscribers will be able to view
2016-11-17 15:21:06 INFO  MyTopicPublisher:84 - Thanks for connecting to my messaging system.. GoodBye!!!
2016-11-17 15:21:09 WARN  MyTopicPublisher:127 - Invalid message id entered and hence assigning it a default value
2016-11-17 15:21:50 INFO  FailoverTransport:1052 - Successfully connected to tcp://localhost:61616
2016-11-17 15:21:50 INFO  MyTopicPublisher:37 - Connection to itinerary UI is established, You can post messages related to this news
2016-11-17 15:22:04 INFO  MyTopicPublisher:59 - MyMessage [id=1, text=Satya has developed UI] is  posted in the topic and interested subscribers will be able to view
2016-11-17 15:22:21 INFO  MyTopicPublisher:108 - invalid option
2016-11-17 15:22:25 INFO  MyTopicPublisher:84 - Thanks for connecting to my messaging system.. GoodBye!!!
2016-11-17 15:22:25 WARN  MyTopicPublisher:127 - Invalid message id entered and hence assigning it a default value
2016-11-17 15:26:51 INFO  FailoverTransport:1052 - Successfully connected to tcp://localhost:61616
2016-11-17 15:26:51 INFO  MyTopicPublisher:36 - Connection to corruption is established, You can post messages related to this news
2016-11-17 15:28:45 INFO  FailoverTransport:1052 - Successfully connected to tcp://localhost:61616
2016-11-17 15:28:45 INFO  MyTopicPublisher:36 - Connection to corruption is established, You can post messages related to this news
2016-11-17 15:29:17 INFO  MyTopicPublisher:58 - MyMessage [id=1, text=corruption in india is in governement offices, please dont encourage corruption. Corruption kills family forget about the country] is  posted in the topic and interested subscribers will be able to view
2016-11-17 15:29:22 WARN  MyTopicPublisher:127 - Invalid message id entered and hence assigning it a default value
2016-11-17 15:30:58 INFO  FailoverTransport:1052 - Successfully connected to tcp://localhost:61616
2016-11-17 15:30:58 INFO  MyTopicPublisher:36 - Connection to corruption is established, You can post messages related to this news
2016-11-17 15:31:30 INFO  MyTopicPublisher:58 - MyMessage [id=2, text=US require H1b visa and there should be no corruption] is  posted in the topic and interested subscribers will be able to view
2016-11-17 15:31:33 WARN  MyTopicPublisher:133 - Invalid message id entered and hence assigning it a default value
2016-11-17 15:33:20 INFO  FailoverTransport:1052 - Successfully connected to tcp://localhost:61616
2016-11-17 15:33:21 INFO  MyTopicPublisher:36 - Connection to health is established, You can post messages related to this news
2016-11-17 15:33:25 INFO  MyTopicPublisher:58 - MyMessage [id=1, text=take care of your health] is  posted in the topic and interested subscribers will be able to view
